<?xml version="1.0" encoding="UTF-8"?>
<!-- Generated by org.testng.reporters.JUnitXMLReporter -->
<testsuite ignored="0" hostname="DESKTOP-H0PI4DT" failures="0" tests="3" name="Default test" time="14.204" errors="0" timestamp="2022-04-23T21:52:56 IST">
  <testcase classname="tests.LoginTest" name="verifyAppTitle" time="0.013"/>
  <testcase classname="tests.LoginTest" name="verifyLoginWithValidUserdetails" time="0.125"/>
  <testcase classname="tests.LoginTest" name="verifyLogout" time="0.002"/>
</testsuite> <!-- Default test -->
